<?xml version="1.0" encoding="UTF-8"?>
<!-- Generated by org.testng.reporters.JUnitReportReporter -->
<testsuite hostname="192.168.1.4" name="org.conte.test.crud.UpdateTest" tests="1" failures="0" timestamp="17 Jul 2012 13:30:08 GMT" time="0.035" errors="0">
  <testcase name="update" time="0.035" classname="org.conte.test.crud.UpdateTest"/>
</testsuite> <!-- org.conte.test.crud.UpdateTest -->
