<?xml version="1.0" encoding="UTF-8"?>
<!-- Generated by org.testng.reporters.JUnitReportReporter -->
<testsuite hostname="192.168.1.4" name="org.conte.test.crud.DeleteTest" tests="1" failures="0" timestamp="17 Jul 2012 12:57:36 GMT" time="16.696" errors="0">
  <testcase name="delete" time="16.696" classname="org.conte.test.crud.DeleteTest"/>
</testsuite> <!-- org.conte.test.crud.DeleteTest -->
