<?xml version="1.0" encoding="UTF-8"?>
<!-- Generated by org.testng.reporters.JUnitReportReporter -->
<testsuite hostname="192.168.1.4" name="org.conte.test.crud.SelectTest" tests="1" failures="0" timestamp="4 Jul 2012 13:01:27 GMT" time="0.031" errors="0">
  <testcase name="findById" time="0.031" classname="org.conte.test.crud.SelectTest"/>
</testsuite> <!-- org.conte.test.crud.SelectTest -->
