<?xml version="1.0" encoding="UTF-8"?>
<!-- Generated by org.testng.reporters.JUnitReportReporter -->
<testsuite hostname="192.168.1.4" name="org.conte.test.crud.SaveOrUpdateTest" tests="1" failures="0" timestamp="17 Jul 2012 13:52:07 GMT" time="0.030" errors="0">
  <testcase name="save" time="0.030" classname="org.conte.test.crud.SaveOrUpdateTest"/>
</testsuite> <!-- org.conte.test.crud.SaveOrUpdateTest -->
