<?xml version="1.0" encoding="UTF-8"?>
<!-- Generated by org.testng.reporters.JUnitReportReporter -->
<testsuite hostname="192.168.1.4" name="org.conte.test.crud.InsertTest" tests="1" failures="0" timestamp="16 Jul 2012 13:03:56 GMT" time="17.570" errors="0">
  <testcase name="insert" time="17.570" classname="org.conte.test.crud.InsertTest"/>
</testsuite> <!-- org.conte.test.crud.InsertTest -->
